This file contains any messages produced by compilers while
running configure, to aid debugging if configure makes a mistake.

It was created by dragon-tiger configure submission, which was
generated by GNU Autoconf 2.71.  Invocation command line was

  $ ./configure

## --------- ##
## Platform. ##
## --------- ##

hostname = MacBook-Pro.local
uname -m = x86_64
uname -r = 21.6.0
uname -s = Darwin
uname -v = Darwin Kernel Version 21.6.0: Wed Aug 10 14:25:27 PDT 2022; root:xnu-8020.141.5~2/RELEASE_X86_64

/usr/bin/uname -p = i386
/bin/uname -X     = unknown

/bin/arch              = unknown
/usr/bin/arch -k       = unknown
/usr/convex/getsysinfo = unknown
/usr/bin/hostinfo      = Mach kernel version:
	 Darwin Kernel Version 21.6.0: Wed Aug 10 14:25:27 PDT 2022; root:xnu-8020.141.5~2/RELEASE_X86_64
Kernel configured for up to 8 processors.
4 processors are physically available.
8 processors are logically available.
Processor type: x86_64h (Intel x86-64h Haswell)
Processors active: 0 1 2 3 4 5 6 7
Primary memory available: 16.00 gigabytes
Default processor set: 536 tasks, 2331 threads, 8 processors
Load average: 2.37, Mach factor: 5.61
/bin/machine           = unknown
/usr/bin/oslevel       = unknown
/bin/universe          = unknown

PATH: /usr/local/opt/bison@3.8/bin/
PATH: /usr/local/opt/bison@2.7/bin/
PATH: /usr/local/opt/bison@2.7/bin/
PATH: /Users/mac/.nvm/versions/node/v18.10.0/bin/
PATH: /Users/mac/google-cloud-sdk/bin/
PATH: /Users/mac/.rbenv/shims/
PATH: /Users/mac/.rbenv/shims/
PATH: /opt/homebrew/opt/ruby/bin/
PATH: /Users/mac/micromamba/condabin/
PATH: /usr/local/bin/
PATH: /usr/bin/
PATH: /bin/
PATH: /usr/sbin/
PATH: /sbin/
PATH: /usr/local/share/dotnet/
PATH: ~/.dotnet/tools/
PATH: /Library/Apple/usr/bin/


## ----------- ##
## Core tests. ##
## ----------- ##

configure:2473: looking for aux files: config.guess config.sub tap-driver.sh ar-lib compile missing install-sh
configure:2486:  trying ./
configure:2515:   ./config.guess found
configure:2515:   ./config.sub found
configure:2515:   ./tap-driver.sh found
configure:2515:   ./ar-lib found
configure:2515:   ./compile found
configure:2515:   ./missing found
configure:2497:   ./install-sh found
configure:2645: checking for a BSD-compatible install
configure:2718: result: /usr/bin/install -c
configure:2729: checking whether build environment is sane
configure:2784: result: yes
configure:2943: checking for a race-free mkdir -p
configure:2987: result: ./install-sh -c -d
configure:2994: checking for gawk
configure:3029: result: no
configure:2994: checking for mawk
configure:3029: result: no
configure:2994: checking for nawk
configure:3029: result: no
configure:2994: checking for awk
configure:3015: found /usr/bin/awk
configure:3026: result: awk
configure:3037: checking whether make sets $(MAKE)
configure:3060: result: yes
configure:3090: checking whether make supports nested variables
configure:3108: result: yes
configure:3256: checking whether make supports nested variables
configure:3274: result: yes
configure:3296: checking for bison
configure:3317: found /usr/local/opt/bison@3.8/bin/bison
configure:3329: result: yes
configure:3346: checking for bison version >= 2.7
configure:3358: result: yes
configure:3398: checking for bison
configure:3419: found /usr/local/opt/bison@3.8/bin/bison
configure:3430: result: bison -y
configure:3455: checking whether make supports the include directive
configure:3470: make -f confmf.GNU && cat confinc.out
this is the am__doit target
configure:3473: $? = 0
configure:3492: result: yes (GNU style)
configure:3568: checking for gcc
configure:3589: found /usr/bin/gcc
configure:3600: result: gcc
configure:3953: checking for C compiler version
configure:3962: gcc --version >&5
Apple clang version 13.1.6 (clang-1316.0.21.2.5)
Target: x86_64-apple-darwin21.6.0
Thread model: posix
InstalledDir: /Library/Developer/CommandLineTools/usr/bin
configure:3973: $? = 0
configure:3962: gcc -v >&5
Apple clang version 13.1.6 (clang-1316.0.21.2.5)
Target: x86_64-apple-darwin21.6.0
Thread model: posix
InstalledDir: /Library/Developer/CommandLineTools/usr/bin
configure:3973: $? = 0
configure:3962: gcc -V >&5
clang: error: argument to '-V' is missing (expected 1 value)
clang: error: no input files
configure:3973: $? = 1
configure:3962: gcc -qversion >&5
clang: error: unknown argument '-qversion'; did you mean '--version'?
clang: error: no input files
configure:3973: $? = 1
configure:3962: gcc -version >&5
clang: error: unknown argument '-version'; did you mean '--version'?
clang: error: no input files
configure:3973: $? = 1
configure:3993: checking whether the C compiler works
configure:4015: gcc    conftest.c  >&5
conftest.c:11:9: warning: 'BISON_VERSION' macro redefined [-Wmacro-redefined]
#define BISON_VERSION 3.8.2
        ^
conftest.c:10:9: note: previous definition is here
#define BISON_VERSION 0.0
        ^
1 warning generated.
configure:4019: $? = 0
configure:4069: result: yes
configure:4072: checking for C compiler default output file name
configure:4074: result: a.out
configure:4080: checking for suffix of executables
configure:4087: gcc -o conftest    conftest.c  >&5
conftest.c:11:9: warning: 'BISON_VERSION' macro redefined [-Wmacro-redefined]
#define BISON_VERSION 3.8.2
        ^
conftest.c:10:9: note: previous definition is here
#define BISON_VERSION 0.0
        ^
1 warning generated.
configure:4091: $? = 0
configure:4114: result: 
configure:4136: checking whether we are cross compiling
configure:4144: gcc -o conftest    conftest.c  >&5
conftest.c:11:9: warning: 'BISON_VERSION' macro redefined [-Wmacro-redefined]
#define BISON_VERSION 3.8.2
        ^
conftest.c:10:9: note: previous definition is here
#define BISON_VERSION 0.0
        ^
1 warning generated.
configure:4148: $? = 0
configure:4155: ./conftest
configure:4159: $? = 0
configure:4174: result: no
configure:4179: checking for suffix of object files
configure:4202: gcc -c   conftest.c >&5
conftest.c:11:9: warning: 'BISON_VERSION' macro redefined [-Wmacro-redefined]
#define BISON_VERSION 3.8.2
        ^
conftest.c:10:9: note: previous definition is here
#define BISON_VERSION 0.0
        ^
1 warning generated.
configure:4206: $? = 0
configure:4228: result: o
configure:4232: checking whether the compiler supports GNU C
configure:4252: gcc -c   conftest.c >&5
conftest.c:11:9: warning: 'BISON_VERSION' macro redefined [-Wmacro-redefined]
#define BISON_VERSION 3.8.2
        ^
conftest.c:10:9: note: previous definition is here
#define BISON_VERSION 0.0
        ^
1 warning generated.
configure:4252: $? = 0
configure:4262: result: yes
configure:4273: checking whether gcc accepts -g
configure:4294: gcc -c -g  conftest.c >&5
conftest.c:11:9: warning: 'BISON_VERSION' macro redefined [-Wmacro-redefined]
#define BISON_VERSION 3.8.2
        ^
conftest.c:10:9: note: previous definition is here
#define BISON_VERSION 0.0
        ^
1 warning generated.
configure:4294: $? = 0
configure: failed program was:
| /* confdefs.h */
| #define PACKAGE_NAME "dragon-tiger"
| #define PACKAGE_TARNAME "dragon-tiger"
| #define PACKAGE_VERSION "submission"
| #define PACKAGE_STRING "dragon-tiger submission"
| #define PACKAGE_BUGREPORT ""
| #define PACKAGE_URL ""
| #define PACKAGE "dragon-tiger"
| #define VERSION "submission"
| #define BISON_VERSION 0.0
| #define BISON_VERSION 3.8.2
| #define AUTOMAKE_VERSION 
| #define BISON_USE_PARSER_H_EXTENSION 1
| /* end confdefs.h.  */
| 
| int
| main (void)
| {
| 
|   ;
|   return 0;
| }
configure:4310: gcc -c   conftest.c >&5
conftest.c:11:9: warning: 'BISON_VERSION' macro redefined [-Wmacro-redefined]
#define BISON_VERSION 3.8.2
        ^
conftest.c:10:9: note: previous definition is here
#define BISON_VERSION 0.0
        ^
1 warning generated.
configure:4310: $? = 0
configure: failed program was:
| /* confdefs.h */
| #define PACKAGE_NAME "dragon-tiger"
| #define PACKAGE_TARNAME "dragon-tiger"
| #define PACKAGE_VERSION "submission"
| #define PACKAGE_STRING "dragon-tiger submission"
| #define PACKAGE_BUGREPORT ""
| #define PACKAGE_URL ""
| #define PACKAGE "dragon-tiger"
| #define VERSION "submission"
| #define BISON_VERSION 0.0
| #define BISON_VERSION 3.8.2
| #define AUTOMAKE_VERSION 
| #define BISON_USE_PARSER_H_EXTENSION 1
| /* end confdefs.h.  */
| 
| int
| main (void)
| {
| 
|   ;
|   return 0;
| }
configure:4327: gcc -c -g  conftest.c >&5
conftest.c:11:9: warning: 'BISON_VERSION' macro redefined [-Wmacro-redefined]
#define BISON_VERSION 3.8.2
        ^
conftest.c:10:9: note: previous definition is here
#define BISON_VERSION 0.0
        ^
1 warning generated.
configure:4327: $? = 0
configure:4338: result: yes
configure:4358: checking for gcc option to enable C11 features
configure:4373: gcc  -c -g -O2  conftest.c >&5
conftest.c:11:9: warning: 'BISON_VERSION' macro redefined [-Wmacro-redefined]
#define BISON_VERSION 3.8.2
        ^
conftest.c:10:9: note: previous definition is here
#define BISON_VERSION 0.0
        ^
1 warning generated.
configure:4373: $? = 0
configure:4391: result: none needed
configure:4507: checking whether gcc understands -c and -o together
configure:4530: gcc -c conftest.c -o conftest2.o
conftest.c:11:9: warning: 'BISON_VERSION' macro redefined [-Wmacro-redefined]
#define BISON_VERSION 3.8.2
        ^
conftest.c:10:9: note: previous definition is here
#define BISON_VERSION 0.0
        ^
1 warning generated.
configure:4533: $? = 0
configure:4530: gcc -c conftest.c -o conftest2.o
conftest.c:11:9: warning: 'BISON_VERSION' macro redefined [-Wmacro-redefined]
#define BISON_VERSION 3.8.2
        ^
conftest.c:10:9: note: previous definition is here
#define BISON_VERSION 0.0
        ^
1 warning generated.
configure:4533: $? = 0
configure:4545: result: yes
configure:4564: checking dependency style of gcc
configure:4676: result: gcc3
configure:4696: checking for flex
configure:4717: found /usr/bin/flex
configure:4728: result: flex
configure:4777: checking for lex output file root
configure:4790: flex conftest.l
configure:4794: $? = 0
configure:4802: result: lex.yy
configure:4817: checking for lex library
configure:4842: gcc -o conftest -g -O2   conftest.c  >&5
conftest.c:11:9: warning: 'BISON_VERSION' macro redefined [-Wmacro-redefined]
#define BISON_VERSION 3.8.2
        ^
conftest.c:10:9: note: previous definition is here
#define BISON_VERSION 0.0
        ^
1 warning generated.
configure:4842: $? = 0
configure:4855: result: none needed
configure:4870: checking for library containing yywrap
configure:4900: gcc -o conftest -g -O2   conftest.c  >&5
conftest.c:11:9: warning: 'BISON_VERSION' macro redefined [-Wmacro-redefined]
#define BISON_VERSION 3.8.2
        ^
conftest.c:10:9: note: previous definition is here
#define BISON_VERSION 0.0
        ^
1 warning generated.
Undefined symbols for architecture x86_64:
  "_yywrap", referenced from:
      _main in conftest-74bc23.o
ld: symbol(s) not found for architecture x86_64
clang: error: linker command failed with exit code 1 (use -v to see invocation)
configure:4900: $? = 1
configure: failed program was:
| /* confdefs.h */
| #define PACKAGE_NAME "dragon-tiger"
| #define PACKAGE_TARNAME "dragon-tiger"
| #define PACKAGE_VERSION "submission"
| #define PACKAGE_STRING "dragon-tiger submission"
| #define PACKAGE_BUGREPORT ""
| #define PACKAGE_URL ""
| #define PACKAGE "dragon-tiger"
| #define VERSION "submission"
| #define BISON_VERSION 0.0
| #define BISON_VERSION 3.8.2
| #define AUTOMAKE_VERSION 
| #define BISON_USE_PARSER_H_EXTENSION 1
| /* end confdefs.h.  */
| 
| /* Override any GCC internal prototype to avoid an error.
|    Use char because int might match the return type of a GCC
|    builtin and then its argument prototype would still apply.  */
| char yywrap ();
| int
| main (void)
| {
| return yywrap ();
|   ;
|   return 0;
| }
configure:4900: gcc -o conftest -g -O2   conftest.c -lfl   >&5
conftest.c:11:9: warning: 'BISON_VERSION' macro redefined [-Wmacro-redefined]
#define BISON_VERSION 3.8.2
        ^
conftest.c:10:9: note: previous definition is here
#define BISON_VERSION 0.0
        ^
1 warning generated.
ld: library not found for -lfl
clang: error: linker command failed with exit code 1 (use -v to see invocation)
configure:4900: $? = 1
configure: failed program was:
| /* confdefs.h */
| #define PACKAGE_NAME "dragon-tiger"
| #define PACKAGE_TARNAME "dragon-tiger"
| #define PACKAGE_VERSION "submission"
| #define PACKAGE_STRING "dragon-tiger submission"
| #define PACKAGE_BUGREPORT ""
| #define PACKAGE_URL ""
| #define PACKAGE "dragon-tiger"
| #define VERSION "submission"
| #define BISON_VERSION 0.0
| #define BISON_VERSION 3.8.2
| #define AUTOMAKE_VERSION 
| #define BISON_USE_PARSER_H_EXTENSION 1
| /* end confdefs.h.  */
| 
| /* Override any GCC internal prototype to avoid an error.
|    Use char because int might match the return type of a GCC
|    builtin and then its argument prototype would still apply.  */
| char yywrap ();
| int
| main (void)
| {
| return yywrap ();
|   ;
|   return 0;
| }
configure:4900: gcc -o conftest -g -O2   conftest.c -ll   >&5
conftest.c:11:9: warning: 'BISON_VERSION' macro redefined [-Wmacro-redefined]
#define BISON_VERSION 3.8.2
        ^
conftest.c:10:9: note: previous definition is here
#define BISON_VERSION 0.0
        ^
1 warning generated.
ld: warning: object file (/Library/Developer/CommandLineTools/SDKs/MacOSX.sdk/usr/lib/libl.a(libyywrap.o)) was built for newer macOS version (12.3) than being linked (12.0)
configure:4900: $? = 0
configure:4920: result: -ll
configure:4936: checking whether yytext is a pointer
configure:4952: gcc -c -g -O2  conftest.c >&5
conftest.c:11:9: warning: 'BISON_VERSION' macro redefined [-Wmacro-redefined]
#define BISON_VERSION 3.8.2
        ^
conftest.c:10:9: note: previous definition is here
#define BISON_VERSION 0.0
        ^
1 warning generated.
configure:4952: $? = 0
configure:4959: result: yes
configure:5040: checking for g++
configure:5061: found /usr/bin/g++
configure:5072: result: g++
configure:5099: checking for C++ compiler version
configure:5108: g++ --version >&5
Apple clang version 13.1.6 (clang-1316.0.21.2.5)
Target: x86_64-apple-darwin21.6.0
Thread model: posix
InstalledDir: /Library/Developer/CommandLineTools/usr/bin
configure:5119: $? = 0
configure:5108: g++ -v >&5
Apple clang version 13.1.6 (clang-1316.0.21.2.5)
Target: x86_64-apple-darwin21.6.0
Thread model: posix
InstalledDir: /Library/Developer/CommandLineTools/usr/bin
configure:5119: $? = 0
configure:5108: g++ -V >&5
clang: error: argument to '-V' is missing (expected 1 value)
clang: error: no input files
configure:5119: $? = 1
configure:5108: g++ -qversion >&5
clang: error: unknown argument '-qversion'; did you mean '--version'?
clang: error: no input files
configure:5119: $? = 1
configure:5123: checking whether the compiler supports GNU C++
configure:5143: g++ -c   conftest.cpp >&5
conftest.cpp:11:9: warning: 'BISON_VERSION' macro redefined [-Wmacro-redefined]
#define BISON_VERSION 3.8.2
        ^
conftest.cpp:10:9: note: previous definition is here
#define BISON_VERSION 0.0
        ^
1 warning generated.
configure:5143: $? = 0
configure:5153: result: yes
configure:5164: checking whether g++ accepts -g
configure:5185: g++ -c -g  conftest.cpp >&5
conftest.cpp:11:9: warning: 'BISON_VERSION' macro redefined [-Wmacro-redefined]
#define BISON_VERSION 3.8.2
        ^
conftest.cpp:10:9: note: previous definition is here
#define BISON_VERSION 0.0
        ^
1 warning generated.
configure:5185: $? = 0
configure: failed program was:
| /* confdefs.h */
| #define PACKAGE_NAME "dragon-tiger"
| #define PACKAGE_TARNAME "dragon-tiger"
| #define PACKAGE_VERSION "submission"
| #define PACKAGE_STRING "dragon-tiger submission"
| #define PACKAGE_BUGREPORT ""
| #define PACKAGE_URL ""
| #define PACKAGE "dragon-tiger"
| #define VERSION "submission"
| #define BISON_VERSION 0.0
| #define BISON_VERSION 3.8.2
| #define AUTOMAKE_VERSION 
| #define BISON_USE_PARSER_H_EXTENSION 1
| #define YYTEXT_POINTER 1
| /* end confdefs.h.  */
| 
| int
| main (void)
| {
| 
|   ;
|   return 0;
| }
configure:5201: g++ -c   conftest.cpp >&5
conftest.cpp:11:9: warning: 'BISON_VERSION' macro redefined [-Wmacro-redefined]
#define BISON_VERSION 3.8.2
        ^
conftest.cpp:10:9: note: previous definition is here
#define BISON_VERSION 0.0
        ^
1 warning generated.
configure:5201: $? = 0
configure: failed program was:
| /* confdefs.h */
| #define PACKAGE_NAME "dragon-tiger"
| #define PACKAGE_TARNAME "dragon-tiger"
| #define PACKAGE_VERSION "submission"
| #define PACKAGE_STRING "dragon-tiger submission"
| #define PACKAGE_BUGREPORT ""
| #define PACKAGE_URL ""
| #define PACKAGE "dragon-tiger"
| #define VERSION "submission"
| #define BISON_VERSION 0.0
| #define BISON_VERSION 3.8.2
| #define AUTOMAKE_VERSION 
| #define BISON_USE_PARSER_H_EXTENSION 1
| #define YYTEXT_POINTER 1
| /* end confdefs.h.  */
| 
| int
| main (void)
| {
| 
|   ;
|   return 0;
| }
configure:5218: g++ -c -g  conftest.cpp >&5
conftest.cpp:11:9: warning: 'BISON_VERSION' macro redefined [-Wmacro-redefined]
#define BISON_VERSION 3.8.2
        ^
conftest.cpp:10:9: note: previous definition is here
#define BISON_VERSION 0.0
        ^
1 warning generated.
configure:5218: $? = 0
configure:5229: result: yes
configure:5249: checking for g++ option to enable C++11 features
configure:5264: g++  -c -g -O2  conftest.cpp >&5
conftest.cpp:11:9: warning: 'BISON_VERSION' macro redefined [-Wmacro-redefined]
#define BISON_VERSION 3.8.2
        ^
conftest.cpp:10:9: note: previous definition is here
#define BISON_VERSION 0.0
        ^
conftest.cpp:62:3: error: "Compiler does not advertise C++11 conformance"
# error "Compiler does not advertise C++11 conformance"
  ^
conftest.cpp:67:3: error: unknown type name 'constexpr'
  constexpr int get_val() { return 20; }
  ^
conftest.cpp:79:17: error: delegating constructors are permitted only in C++11
    delegate(): delegate(2354) {}
                ^~~~~~~~
conftest.cpp:90:26: warning: 'override' keyword is a C++11 extension [-Wc++11-extensions]
    virtual int getval() override final { return this->n * 2; }
                         ^
conftest.cpp:90:35: warning: 'final' keyword is a C++11 extension [-Wc++11-extensions]
    virtual int getval() override final { return this->n * 2; }
                                  ^
conftest.cpp:97:16: warning: defaulted function definitions are a C++11 extension [-Wc++11-extensions]
    nocopy() = default;
               ^
conftest.cpp:98:29: warning: deleted function definitions are a C++11 extension [-Wc++11-extensions]
    nocopy(const nocopy&) = delete;
                            ^
conftest.cpp:99:41: warning: deleted function definitions are a C++11 extension [-Wc++11-extensions]
    nocopy & operator=(const nocopy&) = delete;
                                        ^
conftest.cpp:111:25: warning: 'auto' type specifier is a C++11 extension [-Wc++11-extensions]
  template <typename V> auto sum(V first) -> V
                        ^
conftest.cpp:111:25: error: 'auto' not allowed in function return type
  template <typename V> auto sum(V first) -> V
                        ^~~~
conftest.cpp:111:42: error: expected ';' at end of declaration
  template <typename V> auto sum(V first) -> V
                                         ^
                                         ;
conftest.cpp:111:43: error: cannot use arrow operator on a type
  template <typename V> auto sum(V first) -> V
                                          ^
conftest.cpp:115:33: warning: variadic templates are a C++11 extension [-Wc++11-extensions]
  template <typename V, typename... Args> auto sum(V first, Args... rest) -> V
                                ^
conftest.cpp:115:43: warning: 'auto' type specifier is a C++11 extension [-Wc++11-extensions]
  template <typename V, typename... Args> auto sum(V first, Args... rest) -> V
                                          ^
conftest.cpp:115:43: error: 'auto' not allowed in function return type
  template <typename V, typename... Args> auto sum(V first, Args... rest) -> V
                                          ^~~~
conftest.cpp:115:74: error: expected ';' at end of declaration
  template <typename V, typename... Args> auto sum(V first, Args... rest) -> V
                                                                         ^
                                                                         ;
conftest.cpp:115:75: error: cannot use arrow operator on a type
  template <typename V, typename... Args> auto sum(V first, Args... rest) -> V
                                                                          ^
conftest.cpp:139:3: warning: 'auto' type specifier is a C++11 extension [-Wc++11-extensions]
  auto a1 = 6538;
  ^
conftest.cpp:140:3: warning: 'auto' type specifier is a C++11 extension [-Wc++11-extensions]
  auto a2 = 48573953.4;
  ^
conftest.cpp:141:3: warning: 'auto' type specifier is a C++11 extension [-Wc++11-extensions]
  auto a3 = "String literal";
  ^
conftest.cpp:144:8: warning: 'auto' type specifier is a C++11 extension [-Wc++11-extensions]
  for (auto i = a3; *i; ++i) { total += *i; }
       ^
conftest.cpp:160:8: warning: 'auto' type specifier is a C++11 extension [-Wc++11-extensions]
  for (auto &x : array) { x += 23; }
       ^
conftest.cpp:160:16: warning: range-based for loop is a C++11 extension [-Wc++11-extensions]
  for (auto &x : array) { x += 23; }
               ^
conftest.cpp:165:17: error: expected expression
  assert (eval ([](int x) { return x*2; }, 21) == 42);
                ^
conftest.cpp:167:17: error: expected expression
  assert (eval ([&](double x) { return d += x; }, 3.0) == 5.0);
                ^
conftest.cpp:169:17: error: expected expression
  assert (eval ([=](double x) mutable { return d += x; }, 4.0) == 9.0);
                ^
conftest.cpp:175:3: warning: 'auto' type specifier is a C++11 extension [-Wc++11-extensions]
  auto a = sum(1);
  ^
conftest.cpp:175:12: error: no matching function for call to 'sum'
  auto a = sum(1);
           ^~~
conftest.cpp:176:3: warning: 'auto' type specifier is a C++11 extension [-Wc++11-extensions]
  auto b = sum(1, 2);
  ^
conftest.cpp:176:12: error: no matching function for call to 'sum'
  auto b = sum(1, 2);
           ^~~
conftest.cpp:177:3: warning: 'auto' type specifier is a C++11 extension [-Wc++11-extensions]
  auto c = sum(1.0, 2.0, 3.0);
  ^
conftest.cpp:177:12: error: no matching function for call to 'sum'
  auto c = sum(1.0, 2.0, 3.0);
           ^~~
conftest.cpp:182:25: warning: empty parentheses interpreted as a function declaration [-Wvexing-parse]
  cxx11test::delegate d2();
                        ^~
conftest.cpp:182:25: note: remove parentheses to declare a variable
  cxx11test::delegate d2();
                        ^~
conftest.cpp:195:16: error: found '<::' after a template name which forms the digraph '<:' (aka '[') and a ':', did you mean '< ::'?
  test_template<::test_template<int>> v(test_template<int>(12));
               ^~~
               < ::
conftest.cpp:195:36: error: a space is required between consecutive right angle brackets (use '> >')
  test_template<::test_template<int>> v(test_template<int>(12));
                                   ^~
                                   > >
conftest.cpp:199:22: error: use of undeclared identifier 'u8'
  char const *utf8 = u8"UTF-8 string \u2500";
                     ^
conftest.cpp:199:24: error: expected ';' at end of declaration
  char const *utf8 = u8"UTF-8 string \u2500";
                       ^
                       ;
fatal error: too many errors emitted, stopping now [-ferror-limit=]
19 warnings and 20 errors generated.
configure:5264: $? = 1
configure: failed program was:
| /* confdefs.h */
| #define PACKAGE_NAME "dragon-tiger"
| #define PACKAGE_TARNAME "dragon-tiger"
| #define PACKAGE_VERSION "submission"
| #define PACKAGE_STRING "dragon-tiger submission"
| #define PACKAGE_BUGREPORT ""
| #define PACKAGE_URL ""
| #define PACKAGE "dragon-tiger"
| #define VERSION "submission"
| #define BISON_VERSION 0.0
| #define BISON_VERSION 3.8.2
| #define AUTOMAKE_VERSION 
| #define BISON_USE_PARSER_H_EXTENSION 1
| #define YYTEXT_POINTER 1
| /* end confdefs.h.  */
| 
| // Does the compiler advertise C++98 conformance?
| #if !defined __cplusplus || __cplusplus < 199711L
| # error "Compiler does not advertise C++98 conformance"
| #endif
| 
| // These inclusions are to reject old compilers that
| // lack the unsuffixed header files.
| #include <cstdlib>
| #include <exception>
| 
| // <cassert> and <cstring> are *not* freestanding headers in C++98.
| extern void assert (int);
| namespace std {
|   extern int strcmp (const char *, const char *);
| }
| 
| // Namespaces, exceptions, and templates were all added after "C++ 2.0".
| using std::exception;
| using std::strcmp;
| 
| namespace {
| 
| void test_exception_syntax()
| {
|   try {
|     throw "test";
|   } catch (const char *s) {
|     // Extra parentheses suppress a warning when building autoconf itself,
|     // due to lint rules shared with more typical C programs.
|     assert (!(strcmp) (s, "test"));
|   }
| }
| 
| template <typename T> struct test_template
| {
|   T const val;
|   explicit test_template(T t) : val(t) {}
|   template <typename U> T add(U u) { return static_cast<T>(u) + val; }
| };
| 
| } // anonymous namespace
| 
| 
| // Does the compiler advertise C++ 2011 conformance?
| #if !defined __cplusplus || __cplusplus < 201103L
| # error "Compiler does not advertise C++11 conformance"
| #endif
| 
| namespace cxx11test
| {
|   constexpr int get_val() { return 20; }
| 
|   struct testinit
|   {
|     int i;
|     double d;
|   };
| 
|   class delegate
|   {
|   public:
|     delegate(int n) : n(n) {}
|     delegate(): delegate(2354) {}
| 
|     virtual int getval() { return this->n; };
|   protected:
|     int n;
|   };
| 
|   class overridden : public delegate
|   {
|   public:
|     overridden(int n): delegate(n) {}
|     virtual int getval() override final { return this->n * 2; }
|   };
| 
|   class nocopy
|   {
|   public:
|     nocopy(int i): i(i) {}
|     nocopy() = default;
|     nocopy(const nocopy&) = delete;
|     nocopy & operator=(const nocopy&) = delete;
|   private:
|     int i;
|   };
| 
|   // for testing lambda expressions
|   template <typename Ret, typename Fn> Ret eval(Fn f, Ret v)
|   {
|     return f(v);
|   }
| 
|   // for testing variadic templates and trailing return types
|   template <typename V> auto sum(V first) -> V
|   {
|     return first;
|   }
|   template <typename V, typename... Args> auto sum(V first, Args... rest) -> V
|   {
|     return first + sum(rest...);
|   }
| }
| 
| 
| int
| main (int argc, char **argv)
| {
|   int ok = 0;
|   
|   assert (argc);
|   assert (! argv[0]);
| {
|   test_exception_syntax ();
|   test_template<double> tt (2.0);
|   assert (tt.add (4) == 6.0);
|   assert (true && !false);
| }
| 
|   
| {
|   // Test auto and decltype
|   auto a1 = 6538;
|   auto a2 = 48573953.4;
|   auto a3 = "String literal";
| 
|   int total = 0;
|   for (auto i = a3; *i; ++i) { total += *i; }
| 
|   decltype(a2) a4 = 34895.034;
| }
| {
|   // Test constexpr
|   short sa[cxx11test::get_val()] = { 0 };
| }
| {
|   // Test initializer lists
|   cxx11test::testinit il = { 4323, 435234.23544 };
| }
| {
|   // Test range-based for
|   int array[] = {9, 7, 13, 15, 4, 18, 12, 10, 5, 3,
|                  14, 19, 17, 8, 6, 20, 16, 2, 11, 1};
|   for (auto &x : array) { x += 23; }
| }
| {
|   // Test lambda expressions
|   using cxx11test::eval;
|   assert (eval ([](int x) { return x*2; }, 21) == 42);
|   double d = 2.0;
|   assert (eval ([&](double x) { return d += x; }, 3.0) == 5.0);
|   assert (d == 5.0);
|   assert (eval ([=](double x) mutable { return d += x; }, 4.0) == 9.0);
|   assert (d == 5.0);
| }
| {
|   // Test use of variadic templates
|   using cxx11test::sum;
|   auto a = sum(1);
|   auto b = sum(1, 2);
|   auto c = sum(1.0, 2.0, 3.0);
| }
| {
|   // Test constructor delegation
|   cxx11test::delegate d1;
|   cxx11test::delegate d2();
|   cxx11test::delegate d3(45);
| }
| {
|   // Test override and final
|   cxx11test::overridden o1(55464);
| }
| {
|   // Test nullptr
|   char *c = nullptr;
| }
| {
|   // Test template brackets
|   test_template<::test_template<int>> v(test_template<int>(12));
| }
| {
|   // Unicode literals
|   char const *utf8 = u8"UTF-8 string \u2500";
|   char16_t const *utf16 = u"UTF-8 string \u2500";
|   char32_t const *utf32 = U"UTF-32 string \u2500";
| }
| 
|   return ok;
| }
| 
configure:5282: result: none needed
configure:5348: checking dependency style of g++
configure:5460: result: gcc3
configure:5484: checking dependency style of gcc
configure:5594: result: gcc3
configure:5617: checking whether g++ supports C++11 features by default
configure:5912: g++ -c -g -O2  conftest.cpp >&5
conftest.cpp:11:9: warning: 'BISON_VERSION' macro redefined [-Wmacro-redefined]
#define BISON_VERSION 3.8.2
        ^
conftest.cpp:10:9: note: previous definition is here
#define BISON_VERSION 0.0
        ^
conftest.cpp:27:2: error: "This is not a C++11 compiler"
#error "This is not a C++11 compiler"
 ^
1 warning and 1 error generated.
configure:5912: $? = 1
configure: failed program was:
| /* confdefs.h */
| #define PACKAGE_NAME "dragon-tiger"
| #define PACKAGE_TARNAME "dragon-tiger"
| #define PACKAGE_VERSION "submission"
| #define PACKAGE_STRING "dragon-tiger submission"
| #define PACKAGE_BUGREPORT ""
| #define PACKAGE_URL ""
| #define PACKAGE "dragon-tiger"
| #define VERSION "submission"
| #define BISON_VERSION 0.0
| #define BISON_VERSION 3.8.2
| #define AUTOMAKE_VERSION 
| #define BISON_USE_PARSER_H_EXTENSION 1
| #define YYTEXT_POINTER 1
| /* end confdefs.h.  */
| 
| 
| // If the compiler admits that it is not ready for C++11, why torture it?
| // Hopefully, this will speed up the test.
| 
| #ifndef __cplusplus
| 
| #error "This is not a C++ compiler"
| 
| #elif __cplusplus < 201103L
| 
| #error "This is not a C++11 compiler"
| 
| #else
| 
| namespace cxx11
| {
| 
|   namespace test_static_assert
|   {
| 
|     template <typename T>
|     struct check
|     {
|       static_assert(sizeof(int) <= sizeof(T), "not big enough");
|     };
| 
|   }
| 
|   namespace test_final_override
|   {
| 
|     struct Base
|     {
|       virtual void f() {}
|     };
| 
|     struct Derived : public Base
|     {
|       virtual void f() override {}
|     };
| 
|   }
| 
|   namespace test_double_right_angle_brackets
|   {
| 
|     template < typename T >
|     struct check {};
| 
|     typedef check<void> single_type;
|     typedef check<check<void>> double_type;
|     typedef check<check<check<void>>> triple_type;
|     typedef check<check<check<check<void>>>> quadruple_type;
| 
|   }
| 
|   namespace test_decltype
|   {
| 
|     int
|     f()
|     {
|       int a = 1;
|       decltype(a) b = 2;
|       return a + b;
|     }
| 
|   }
| 
|   namespace test_type_deduction
|   {
| 
|     template < typename T1, typename T2 >
|     struct is_same
|     {
|       static const bool value = false;
|     };
| 
|     template < typename T >
|     struct is_same<T, T>
|     {
|       static const bool value = true;
|     };
| 
|     template < typename T1, typename T2 >
|     auto
|     add(T1 a1, T2 a2) -> decltype(a1 + a2)
|     {
|       return a1 + a2;
|     }
| 
|     int
|     test(const int c, volatile int v)
|     {
|       static_assert(is_same<int, decltype(0)>::value == true, "");
|       static_assert(is_same<int, decltype(c)>::value == false, "");
|       static_assert(is_same<int, decltype(v)>::value == false, "");
|       auto ac = c;
|       auto av = v;
|       auto sumi = ac + av + 'x';
|       auto sumf = ac + av + 1.0;
|       static_assert(is_same<int, decltype(ac)>::value == true, "");
|       static_assert(is_same<int, decltype(av)>::value == true, "");
|       static_assert(is_same<int, decltype(sumi)>::value == true, "");
|       static_assert(is_same<int, decltype(sumf)>::value == false, "");
|       static_assert(is_same<int, decltype(add(c, v))>::value == true, "");
|       return (sumf > 0.0) ? sumi : add(c, v);
|     }
| 
|   }
| 
|   namespace test_noexcept
|   {
| 
|     int f() { return 0; }
|     int g() noexcept { return 0; }
| 
|     static_assert(noexcept(f()) == false, "");
|     static_assert(noexcept(g()) == true, "");
| 
|   }
| 
|   namespace test_constexpr
|   {
| 
|     template < typename CharT >
|     unsigned long constexpr
|     strlen_c_r(const CharT *const s, const unsigned long acc) noexcept
|     {
|       return *s ? strlen_c_r(s + 1, acc + 1) : acc;
|     }
| 
|     template < typename CharT >
|     unsigned long constexpr
|     strlen_c(const CharT *const s) noexcept
|     {
|       return strlen_c_r(s, 0UL);
|     }
| 
|     static_assert(strlen_c("") == 0UL, "");
|     static_assert(strlen_c("1") == 1UL, "");
|     static_assert(strlen_c("example") == 7UL, "");
|     static_assert(strlen_c("another\0example") == 7UL, "");
| 
|   }
| 
|   namespace test_rvalue_references
|   {
| 
|     template < int N >
|     struct answer
|     {
|       static constexpr int value = N;
|     };
| 
|     answer<1> f(int&)       { return answer<1>(); }
|     answer<2> f(const int&) { return answer<2>(); }
|     answer<3> f(int&&)      { return answer<3>(); }
| 
|     void
|     test()
|     {
|       int i = 0;
|       const int c = 0;
|       static_assert(decltype(f(i))::value == 1, "");
|       static_assert(decltype(f(c))::value == 2, "");
|       static_assert(decltype(f(0))::value == 3, "");
|     }
| 
|   }
| 
|   namespace test_uniform_initialization
|   {
| 
|     struct test
|     {
|       static const int zero {};
|       static const int one {1};
|     };
| 
|     static_assert(test::zero == 0, "");
|     static_assert(test::one == 1, "");
| 
|   }
| 
|   namespace test_lambdas
|   {
| 
|     void
|     test1()
|     {
|       auto lambda1 = [](){};
|       auto lambda2 = lambda1;
|       lambda1();
|       lambda2();
|     }
| 
|     int
|     test2()
|     {
|       auto a = [](int i, int j){ return i + j; }(1, 2);
|       auto b = []() -> int { return '0'; }();
|       auto c = [=](){ return a + b; }();
|       auto d = [&](){ return c; }();
|       auto e = [a, &b](int x) mutable {
|         const auto identity = [](int y){ return y; };
|         for (auto i = 0; i < a; ++i)
|           a += b--;
|         return x + identity(a + b);
|       }(0);
|       return a + b + c + d + e;
|     }
| 
|     int
|     test3()
|     {
|       const auto nullary = [](){ return 0; };
|       const auto unary = [](int x){ return x; };
|       using nullary_t = decltype(nullary);
|       using unary_t = decltype(unary);
|       const auto higher1st = [](nullary_t f){ return f(); };
|       const auto higher2nd = [unary](nullary_t f1){
|         return [unary, f1](unary_t f2){ return f2(unary(f1())); };
|       };
|       return higher1st(nullary) + higher2nd(nullary)(unary);
|     }
| 
|   }
| 
|   namespace test_variadic_templates
|   {
| 
|     template <int...>
|     struct sum;
| 
|     template <int N0, int... N1toN>
|     struct sum<N0, N1toN...>
|     {
|       static constexpr auto value = N0 + sum<N1toN...>::value;
|     };
| 
|     template <>
|     struct sum<>
|     {
|       static constexpr auto value = 0;
|     };
| 
|     static_assert(sum<>::value == 0, "");
|     static_assert(sum<1>::value == 1, "");
|     static_assert(sum<23>::value == 23, "");
|     static_assert(sum<1, 2>::value == 3, "");
|     static_assert(sum<5, 5, 11>::value == 21, "");
|     static_assert(sum<2, 3, 5, 7, 11, 13>::value == 41, "");
| 
|   }
| 
|   // http://stackoverflow.com/questions/13728184/template-aliases-and-sfinae
|   // Clang 3.1 fails with headers of libstd++ 4.8.3 when using std::function
|   // because of this.
|   namespace test_template_alias_sfinae
|   {
| 
|     struct foo {};
| 
|     template<typename T>
|     using member = typename T::member_type;
| 
|     template<typename T>
|     void func(...) {}
| 
|     template<typename T>
|     void func(member<T>*) {}
| 
|     void test();
| 
|     void test() { func<foo>(0); }
| 
|   }
| 
| }  // namespace cxx11
| 
| #endif  // __cplusplus >= 201103L
| 
| 
| 
configure:5920: result: no
configure:5932: checking whether g++ supports C++11 features with -std=c++11
configure:6229: g++ -std=c++11 -c -g -O2  conftest.cpp >&5
conftest.cpp:11:9: warning: 'BISON_VERSION' macro redefined [-Wmacro-redefined]
#define BISON_VERSION 3.8.2
        ^
conftest.cpp:10:9: note: previous definition is here
#define BISON_VERSION 0.0
        ^
1 warning generated.
configure:6229: $? = 0
configure:6239: result: yes
configure:6334: checking for ar
configure:6355: found /usr/bin/ar
configure:6366: result: ar
configure:6392: checking the archiver (ar) interface
configure:6409: gcc -c -g -O2  conftest.c >&5
conftest.c:11:9: warning: 'BISON_VERSION' macro redefined [-Wmacro-redefined]
#define BISON_VERSION 3.8.2
        ^
conftest.c:10:9: note: previous definition is here
#define BISON_VERSION 0.0
        ^
1 warning generated.
configure:6409: $? = 0
configure:6412: ar cru libconftest.a conftest.o >&5
configure:6415: $? = 0
configure:6443: result: ar
configure:6511: checking for ranlib
configure:6532: found /usr/bin/ranlib
configure:6543: result: ranlib
configure:6575: checking build system type
configure:6590: result: x86_64-apple-darwin21.6.0
configure:6610: checking host system type
configure:6624: result: x86_64-apple-darwin21.6.0
configure:6693: checking for boostlib >= 1.48
configure:6776: g++ -std=c++11 -c -g -O2  -I/usr/local/include conftest.cpp >&5
conftest.cpp:11:9: warning: 'BISON_VERSION' macro redefined [-Wmacro-redefined]
#define BISON_VERSION 3.8.2
        ^
conftest.cpp:10:9: note: previous definition is here
#define BISON_VERSION 0.0
        ^
1 warning generated.
configure:6776: $? = 0
configure:6779: result: yes
configure:6974: checking whether the Boost::Program_Options library is available
configure:6999: g++ -std=c++11 -c -g -O2  -I/usr/local/include conftest.cpp >&5
conftest.cpp:11:9: warning: 'BISON_VERSION' macro redefined [-Wmacro-redefined]
#define BISON_VERSION 3.8.2
        ^
conftest.cpp:10:9: note: previous definition is here
#define BISON_VERSION 0.0
        ^
1 warning generated.
configure:6999: $? = 0
configure:7014: result: yes
configure:7025: checking for exit in -lboost_program_options-mt
configure:7048: gcc -o conftest -g -O2  -I/usr/local/include  -L/usr/local/lib conftest.c -lboost_program_options-mt   >&5
conftest.c:11:9: warning: 'BISON_VERSION' macro redefined [-Wmacro-redefined]
#define BISON_VERSION 3.8.2
        ^
conftest.c:10:9: note: previous definition is here
#define BISON_VERSION 0.0
        ^
conftest.c:23:6: warning: incompatible redeclaration of library function 'exit' [-Wincompatible-library-redeclaration]
char exit ();
     ^
conftest.c:23:6: note: 'exit' is a builtin with type 'void (int) __attribute__((noreturn))'
2 warnings generated.
configure:7048: $? = 0
configure:7059: result: yes
configure:7288: checking that generated files are newer than configure
configure:7294: result: done
configure:7329: creating ./config.status

## ---------------------- ##
## Running config.status. ##
## ---------------------- ##

This file was extended by dragon-tiger config.status submission, which was
generated by GNU Autoconf 2.71.  Invocation command line was

  CONFIG_FILES    = 
  CONFIG_HEADERS  = 
  CONFIG_LINKS    = 
  CONFIG_COMMANDS = 
  $ ./config.status 

on MacBook-Pro.local

config.status:884: creating Makefile
config.status:884: creating src/Makefile
config.status:884: creating src/ast/Makefile
config.status:884: creating src/driver/Makefile
config.status:884: creating src/parser/Makefile
config.status:884: creating src/utils/Makefile
config.status:884: creating config.h
config.status:1113: executing depfiles commands
config.status:1190: cd src/ast       && sed -e '/# am--include-marker/d' Makefile         | make -f - am--depfiles
config.status:1195: $? = 0
config.status:1190: cd src/driver       && sed -e '/# am--include-marker/d' Makefile         | make -f - am--depfiles
config.status:1195: $? = 0
config.status:1190: cd src/parser       && sed -e '/# am--include-marker/d' Makefile         | make -f - am--depfiles
config.status:1195: $? = 0
config.status:1190: cd src/utils       && sed -e '/# am--include-marker/d' Makefile         | make -f - am--depfiles
config.status:1195: $? = 0

## ---------------- ##
## Cache variables. ##
## ---------------- ##

ac_cv_build=x86_64-apple-darwin21.6.0
ac_cv_c_compiler_gnu=yes
ac_cv_cxx_compiler_gnu=yes
ac_cv_env_CCASFLAGS_set=
ac_cv_env_CCASFLAGS_value=
ac_cv_env_CCAS_set=
ac_cv_env_CCAS_value=
ac_cv_env_CCC_set=
ac_cv_env_CCC_value=
ac_cv_env_CC_set=
ac_cv_env_CC_value=
ac_cv_env_CFLAGS_set=
ac_cv_env_CFLAGS_value=
ac_cv_env_CPPFLAGS_set=
ac_cv_env_CPPFLAGS_value=
ac_cv_env_CXXFLAGS_set=
ac_cv_env_CXXFLAGS_value=
ac_cv_env_CXX_set=
ac_cv_env_CXX_value=
ac_cv_env_LDFLAGS_set=
ac_cv_env_LDFLAGS_value=
ac_cv_env_LIBS_set=
ac_cv_env_LIBS_value=
ac_cv_env_YACC_set=
ac_cv_env_YACC_value=
ac_cv_env_YFLAGS_set=
ac_cv_env_YFLAGS_value=
ac_cv_env_build_alias_set=
ac_cv_env_build_alias_value=
ac_cv_env_host_alias_set=
ac_cv_env_host_alias_value=
ac_cv_env_target_alias_set=
ac_cv_env_target_alias_value=
ac_cv_host=x86_64-apple-darwin21.6.0
ac_cv_lib_boost_program_options_mt_exit=yes
ac_cv_lib_lex='none needed'
ac_cv_objext=o
ac_cv_path_install='/usr/bin/install -c'
ac_cv_prog_AWK=awk
ac_cv_prog_LEX=flex
ac_cv_prog_YACC='bison -y'
ac_cv_prog_ac_ct_AR=ar
ac_cv_prog_ac_ct_CC=gcc
ac_cv_prog_ac_ct_CXX=g++
ac_cv_prog_ac_ct_RANLIB=ranlib
ac_cv_prog_cc_c11=
ac_cv_prog_cc_g=yes
ac_cv_prog_cc_stdc=
ac_cv_prog_cxx_11=no
ac_cv_prog_cxx_g=yes
ac_cv_prog_cxx_stdcxx=
ac_cv_prog_have_prog_bison=yes
ac_cv_prog_lex_root=lex.yy
ac_cv_prog_lex_yytext_pointer=yes
ac_cv_prog_make_make_set=yes
ac_cv_search_yywrap=-ll
am_cv_CCAS_dependencies_compiler_type=gcc3
am_cv_CC_dependencies_compiler_type=gcc3
am_cv_CXX_dependencies_compiler_type=gcc3
am_cv_ar_interface=ar
am_cv_make_support_nested_variables=yes
am_cv_prog_cc_c_o=yes
ax_cv_boost_program_options=yes
ax_cv_cxx_compile_cxx11=no
ax_cv_cxx_compile_cxx11__std_cpp11=yes

## ----------------- ##
## Output variables. ##
## ----------------- ##

ACLOCAL='${SHELL} '\''/Users/mac/Desktop/chain/dragon-tiger/missing'\'' aclocal-1.16'
AMDEPBACKSLASH='\'
AMDEP_FALSE='#'
AMDEP_TRUE=''
AMTAR='$${TAR-tar}'
AM_BACKSLASH='\'
AM_DEFAULT_V='$(AM_DEFAULT_VERBOSITY)'
AM_DEFAULT_VERBOSITY='0'
AM_V='$(V)'
AR='ar'
AUTOCONF='${SHELL} '\''/Users/mac/Desktop/chain/dragon-tiger/missing'\'' autoconf'
AUTOHEADER='${SHELL} '\''/Users/mac/Desktop/chain/dragon-tiger/missing'\'' autoheader'
AUTOMAKE='${SHELL} '\''/Users/mac/Desktop/chain/dragon-tiger/missing'\'' automake-1.16'
AWK='awk'
BISON='bison'
BISON_USE_PARSER_H_EXTENSION_FALSE='#'
BISON_USE_PARSER_H_EXTENSION_TRUE=''
BOOST_CPPFLAGS='-I/usr/local/include'
BOOST_LDFLAGS='-L/usr/local/lib'
BOOST_PROGRAM_OPTIONS_LIB='-lboost_program_options-mt'
CC='gcc'
CCAS='gcc'
CCASDEPMODE='depmode=gcc3'
CCASFLAGS='-g -O2'
CCDEPMODE='depmode=gcc3'
CFLAGS='-g -O2'
CPPFLAGS=''
CSCOPE='cscope'
CTAGS='ctags'
CXX='g++ -std=c++11'
CXXDEPMODE='depmode=gcc3'
CXXFLAGS='-g -O2'
CYGPATH_W='echo'
DEFS='-DHAVE_CONFIG_H'
DEPDIR='.deps'
ECHO_C='\c'
ECHO_N=''
ECHO_T=''
ETAGS='etags'
EXEEXT=''
HAVE_CXX11='1'
INSTALL_DATA='${INSTALL} -m 644'
INSTALL_PROGRAM='${INSTALL}'
INSTALL_SCRIPT='${INSTALL}'
INSTALL_STRIP_PROGRAM='$(install_sh) -c -s'
LDFLAGS=''
LEX='flex'
LEXLIB='-ll '
LEX_OUTPUT_ROOT='lex.yy'
LIBOBJS=''
LIBS=''
LTLIBOBJS=''
MAKEINFO='${SHELL} '\''/Users/mac/Desktop/chain/dragon-tiger/missing'\'' makeinfo'
MKDIR_P='./install-sh -c -d'
OBJEXT='o'
PACKAGE='dragon-tiger'
PACKAGE_BUGREPORT=''
PACKAGE_NAME='dragon-tiger'
PACKAGE_STRING='dragon-tiger submission'
PACKAGE_TARNAME='dragon-tiger'
PACKAGE_URL=''
PACKAGE_VERSION='submission'
PATH_SEPARATOR=':'
RANLIB='ranlib'
SET_MAKE=''
SHELL='/bin/sh'
STRIP=''
VERSION='submission'
YACC='bison -y'
YFLAGS=''
ac_ct_AR='ar'
ac_ct_CC='gcc'
ac_ct_CXX='g++'
am__EXEEXT_FALSE=''
am__EXEEXT_TRUE='#'
am__fastdepCCAS_FALSE='#'
am__fastdepCCAS_TRUE=''
am__fastdepCC_FALSE='#'
am__fastdepCC_TRUE=''
am__fastdepCXX_FALSE='#'
am__fastdepCXX_TRUE=''
am__include='include'
am__isrc=''
am__leading_dot='.'
am__nodep='_no'
am__quote=''
am__tar='$${TAR-tar} chof - "$$tardir"'
am__untar='$${TAR-tar} xf -'
bindir='${exec_prefix}/bin'
build='x86_64-apple-darwin21.6.0'
build_alias=''
build_cpu='x86_64'
build_os='darwin21.6.0'
build_vendor='apple'
datadir='${datarootdir}'
datarootdir='${prefix}/share'
docdir='${datarootdir}/doc/${PACKAGE_TARNAME}'
dvidir='${docdir}'
exec_prefix='${prefix}'
have_prog_bison='yes'
host='x86_64-apple-darwin21.6.0'
host_alias=''
host_cpu='x86_64'
host_os='darwin21.6.0'
host_vendor='apple'
htmldir='${docdir}'
includedir='${prefix}/include'
infodir='${datarootdir}/info'
install_sh='${SHELL} /Users/mac/Desktop/chain/dragon-tiger/install-sh'
libdir='${exec_prefix}/lib'
libexecdir='${exec_prefix}/libexec'
localedir='${datarootdir}/locale'
localstatedir='${prefix}/var'
mandir='${datarootdir}/man'
mkdir_p='$(MKDIR_P)'
oldincludedir='/usr/include'
pdfdir='${docdir}'
prefix='/usr/local'
program_transform_name='s,x,x,'
psdir='${docdir}'
runstatedir='${localstatedir}/run'
sbindir='${exec_prefix}/sbin'
sharedstatedir='${prefix}/com'
sysconfdir='${prefix}/etc'
target_alias=''

## ----------- ##
## confdefs.h. ##
## ----------- ##

/* confdefs.h */
#define PACKAGE_NAME "dragon-tiger"
#define PACKAGE_TARNAME "dragon-tiger"
#define PACKAGE_VERSION "submission"
#define PACKAGE_STRING "dragon-tiger submission"
#define PACKAGE_BUGREPORT ""
#define PACKAGE_URL ""
#define PACKAGE "dragon-tiger"
#define VERSION "submission"
#define BISON_VERSION 0.0
#define BISON_VERSION 3.8.2
#define AUTOMAKE_VERSION 
#define BISON_USE_PARSER_H_EXTENSION 1
#define YYTEXT_POINTER 1
#define HAVE_CXX11 1
#define HAVE_BOOST /**/
#define HAVE_BOOST_PROGRAM_OPTIONS /**/

configure: exit 0
